<?xml version="1.0" encoding="UTF-8"?>
<!-- Generated by org.testng.reporters.JUnitReportReporter -->
<testsuite hostname="Gulshan" failures="0" tests="1" name="testScripts.addAndEditCartTest" time="15.865" errors="0" timestamp="25 Apr 2024 11:13:57 GMT" skipped="0">
  <testcase classname="testScripts.addAndEditCartTest" name="addProductToCart" time="15.865"/>
</testsuite> <!-- testScripts.addAndEditCartTest -->
