<?xml version="1.0" encoding="UTF-8"?>
<!-- Generated by org.testng.reporters.JUnitReportReporter -->
<testsuite hostname="Gulshan" failures="0" tests="1" name="testScripts.AddProductInWishListTest" time="19.192" errors="0" timestamp="25 Apr 2024 12:41:52 GMT" skipped="0">
  <testcase classname="testScripts.AddProductInWishListTest" name="addProductToWishList" time="19.192"/>
</testsuite> <!-- testScripts.AddProductInWishListTest -->
