<?xml version="1.0" encoding="UTF-8"?>
<!-- Generated by org.testng.reporters.JUnitReportReporter -->
<testsuite hostname="Gulshan" failures="0" tests="1" name="testScripts.SearchProductTest" time="30.851" errors="0" timestamp="27 Apr 2024 04:58:09 GMT" skipped="0">
  <testcase classname="testScripts.SearchProductTest" name="searchProduct" time="30.851"/>
</testsuite> <!-- testScripts.SearchProductTest -->
