<?xml version="1.0" encoding="UTF-8"?>
<!-- Generated by org.testng.reporters.JUnitReportReporter -->
<testsuite hostname="Gulshan" failures="0" tests="1" name="testScripts.AddProductInWishListTest" time="35.122" errors="0" timestamp="25 Apr 2024 10:08:18 GMT" skipped="0">
  <testcase classname="testScripts.AddProductInWishListTest" name="addProductToWishList" time="35.122"/>
</testsuite> <!-- testScripts.AddProductInWishListTest -->
