<?xml version="1.0" encoding="UTF-8"?>
<!-- Generated by org.testng.reporters.JUnitReportReporter -->
<testsuite hostname="Gulshan" failures="0" tests="1" name="testScripts.SearchProductTest" time="16.382" errors="0" timestamp="24 Apr 2024 19:39:27 GMT" skipped="0">
  <testcase classname="testScripts.SearchProductTest" name="searchProduct" time="16.382"/>
</testsuite> <!-- testScripts.SearchProductTest -->
