<?xml version="1.0" encoding="UTF-8"?>
<!-- Generated by org.testng.reporters.JUnitReportReporter -->
<testsuite hostname="Gulshan" failures="0" tests="1" name="testScripts.BuyProductUsingCodTest" time="38.504" errors="0" timestamp="25 Apr 2024 10:07:11 GMT" skipped="0">
  <testcase classname="testScripts.BuyProductUsingCodTest" name="buyProduct" time="38.504"/>
</testsuite> <!-- testScripts.BuyProductUsingCodTest -->
