<?xml version="1.0" encoding="UTF-8"?>
<!-- Generated by org.testng.reporters.JUnitReportReporter -->
<testsuite hostname="Gulshan" failures="0" tests="1" name="testScripts.SearchProductTest" time="10.878" errors="0" timestamp="26 Apr 2024 12:31:37 GMT" skipped="0">
  <testcase classname="testScripts.SearchProductTest" name="searchProduct" time="10.878"/>
</testsuite> <!-- testScripts.SearchProductTest -->
