<?xml version="1.0" encoding="UTF-8"?>
<!-- Generated by org.testng.reporters.JUnitReportReporter -->
<testsuite hostname="Gulshan" failures="0" tests="1" name="testScripts.BuyProductUsingCreditCard" time="27.127" errors="0" timestamp="26 Apr 2024 12:31:37 GMT" skipped="0">
  <testcase classname="testScripts.BuyProductUsingCreditCard" name="buyProductWithCreditCard" time="27.127"/>
</testsuite> <!-- testScripts.BuyProductUsingCreditCard -->
