<?xml version="1.0" encoding="UTF-8"?>
<!-- Generated by org.testng.reporters.JUnitReportReporter -->
<testsuite hostname="Gulshan" failures="0" tests="1" name="testScripts.addProductIntoCart" time="14.925" errors="0" timestamp="23 Apr 2024 18:41:07 GMT" skipped="0">
  <testcase classname="testScripts.addProductIntoCart" name="addProductToCart" time="14.925"/>
</testsuite> <!-- testScripts.addProductIntoCart -->
