<?xml version="1.0" encoding="UTF-8"?>
<!-- Generated by org.testng.reporters.JUnitReportReporter -->
<testsuite hostname="Gulshan" failures="0" tests="1" name="testScripts.addAndEditCart" time="15.520" errors="0" timestamp="24 Apr 2024 11:07:25 GMT" skipped="0">
  <testcase classname="testScripts.addAndEditCart" name="addProductToCart" time="15.520"/>
</testsuite> <!-- testScripts.addAndEditCart -->
