<?xml version="1.0" encoding="UTF-8"?>
<!-- Generated by org.testng.reporters.JUnitReportReporter -->
<testsuite hostname="Gulshan" failures="0" tests="7" name="testScripts.LoginWithDifferentCredentials" time="11.004" errors="0" timestamp="25 Apr 2024 12:27:54 GMT" skipped="0">
  <testcase classname="testScripts.LoginWithDifferentCredentials" name="Inlogin" time="6.214"/>
  <testcase classname="testScripts.LoginWithDifferentCredentials" name="Inlogin" time="0.665"/>
  <testcase classname="testScripts.LoginWithDifferentCredentials" name="Inlogin" time="0.645"/>
  <testcase classname="testScripts.LoginWithDifferentCredentials" name="Inlogin" time="0.491"/>
  <testcase classname="testScripts.LoginWithDifferentCredentials" name="Inlogin" time="0.671"/>
  <testcase classname="testScripts.LoginWithDifferentCredentials" name="Inlogin" time="1.630"/>
  <testcase classname="testScripts.LoginWithDifferentCredentials" name="Inlogin" time="0.688"/>
</testsuite> <!-- testScripts.LoginWithDifferentCredentials -->
