<?xml version="1.0" encoding="UTF-8"?>
<!-- Generated by org.testng.reporters.JUnitReportReporter -->
<testsuite hostname="Gulshan" failures="0" tests="1" name="testScripts.SearchProductTest" time="11.515" errors="0" timestamp="25 Apr 2024 11:18:19 GMT" skipped="0">
  <testcase classname="testScripts.SearchProductTest" name="searchProduct" time="11.515"/>
</testsuite> <!-- testScripts.SearchProductTest -->
