<?xml version="1.0" encoding="UTF-8"?>
<!-- Generated by org.testng.reporters.JUnitReportReporter -->
<testsuite hostname="Gulshan" failures="0" tests="1" name="testScripts.addAndEditCartTest" time="29.715" errors="0" timestamp="25 Apr 2024 10:09:41 GMT" skipped="0">
  <testcase classname="testScripts.addAndEditCartTest" name="addProductToCart" time="29.715"/>
</testsuite> <!-- testScripts.addAndEditCartTest -->
