<?xml version="1.0" encoding="UTF-8"?>
<!-- Generated by org.testng.reporters.JUnitReportReporter -->
<testsuite hostname="Gulshan" failures="0" tests="1" name="testScripts.BuyProductUsingCreditCard" time="23.398" errors="0" timestamp="25 Apr 2024 10:04:42 GMT" skipped="0">
  <testcase classname="testScripts.BuyProductUsingCreditCard" name="buyProductWithCreditCard" time="23.398"/>
</testsuite> <!-- testScripts.BuyProductUsingCreditCard -->
