<?xml version="1.0" encoding="UTF-8"?>
<!-- Generated by org.testng.reporters.JUnitReportReporter -->
<testsuite hostname="Gulshan" failures="0" tests="1" name="testScripts.addAndEditCartTest" time="24.540" errors="0" timestamp="26 Apr 2024 12:31:37 GMT" skipped="0">
  <testcase classname="testScripts.addAndEditCartTest" name="addProductToCart" time="24.540"/>
</testsuite> <!-- testScripts.addAndEditCartTest -->
